<?xml version="1.0" encoding="UTF-8" ?>
<testsuite tests="1" failures="0" name="com.tecsup.SpringMVC.dao.EmployeeDAOTest" time="0.028" errors="1" skipped="0">
  <properties>
    <property name="java.runtime.name" value="Java(TM) SE Runtime Environment"/>
    <property name="sun.boot.library.path" value="C:\Program Files\Java\jre1.8.0_144\bin"/>
    <property name="java.vm.version" value="25.144-b01"/>
    <property name="java.vm.vendor" value="Oracle Corporation"/>
    <property name="maven.multiModuleProjectDirectory" value="C:\Users\ICHIRO\Desktop\expo\SpringMVCTesting"/>
    <property name="java.vendor.url" value="http://java.oracle.com/"/>
    <property name="path.separator" value=";"/>
    <property name="guice.disable.misplaced.annotation.check" value="true"/>
    <property name="java.vm.name" value="Java HotSpot(TM) 64-Bit Server VM"/>
    <property name="file.encoding.pkg" value="sun.io"/>
    <property name="user.script" value=""/>
    <property name="user.country" value="PE"/>
    <property name="sun.java.launcher" value="SUN_STANDARD"/>
    <property name="sun.os.patch.level" value=""/>
    <property name="java.vm.specification.name" value="Java Virtual Machine Specification"/>
    <property name="user.dir" value="C:\Users\ICHIRO\Desktop\expo\SpringMVCTesting"/>
    <property name="java.runtime.version" value="1.8.0_144-b01"/>
    <property name="java.awt.graphicsenv" value="sun.awt.Win32GraphicsEnvironment"/>
    <property name="java.endorsed.dirs" value="C:\Program Files\Java\jre1.8.0_144\lib\endorsed"/>
    <property name="os.arch" value="amd64"/>
    <property name="java.io.tmpdir" value="C:\Users\ICHIRO\AppData\Local\Temp\"/>
    <property name="line.separator" value="
"/>
    <property name="java.vm.specification.vendor" value="Oracle Corporation"/>
    <property name="user.variant" value=""/>
    <property name="os.name" value="Windows 8.1"/>
    <property name="classworlds.conf" value="C:\Users\ICHIRO\Documents\ProyectsRevive\.metadata\.plugins\org.eclipse.m2e.launching\launches\m2conf6539770261820978329.tmp"/>
    <property name="sun.jnu.encoding" value="Cp1252"/>
    <property name="java.library.path" value="C:\Program Files\Java\jre1.8.0_144\bin;C:\Windows\Sun\Java\bin;C:\Windows\system32;C:\Windows;C:/Program Files/Java/jre1.8.0_144/bin/server;C:/Program Files/Java/jre1.8.0_144/bin;C:/Program Files/Java/jre1.8.0_144/lib/amd64;C:\ProgramData\Oracle\Java\javapath;C:\Windows\system32;C:\Windows;C:\Windows\System32\Wbem;C:\Windows\System32\WindowsPowerShell\v1.0\;C:\MongoDB\bin;E:\xampp\php;C:\ProgramData\ComposerSetup\bin;C:\xampp\php;C:\nodejs\;C:\Users\ICHIRO\AppData\Roaming\npm;C:\Users\ICHIRO\AppData\Roaming\Composer\vendor\bin;C:\Users\ICHIRO\AppData\Local\GitHubDesktop\bin;C:\Users\ICHIRO\Desktop\spring ide\sts-bundle\sts-3.9.0.RELEASE;;."/>
    <property name="java.specification.name" value="Java Platform API Specification"/>
    <property name="java.class.version" value="52.0"/>
    <property name="sun.management.compiler" value="HotSpot 64-Bit Tiered Compilers"/>
    <property name="os.version" value="6.3"/>
    <property name="user.home" value="C:\Users\ICHIRO"/>
    <property name="user.timezone" value="America/Bogota"/>
    <property name="java.awt.printerjob" value="sun.awt.windows.WPrinterJob"/>
    <property name="java.specification.version" value="1.8"/>
    <property name="file.encoding" value="Cp1252"/>
    <property name="user.name" value="ICHIRO"/>
    <property name="java.class.path" value="/C:/Users/ICHIRO/Desktop/spring ide/sts-bundle/sts-3.9.0.RELEASE/plugins/org.eclipse.m2e.maven.runtime_1.8.0.20170516-2042/jars/plexus-classworlds-2.5.2.jar"/>
    <property name="java.vm.specification.version" value="1.8"/>
    <property name="sun.arch.data.model" value="64"/>
    <property name="java.home" value="C:\Program Files\Java\jre1.8.0_144"/>
    <property name="sun.java.command" value="org.codehaus.plexus.classworlds.launcher.Launcher -B test"/>
    <property name="java.specification.vendor" value="Oracle Corporation"/>
    <property name="user.language" value="es"/>
    <property name="awt.toolkit" value="sun.awt.windows.WToolkit"/>
    <property name="java.vm.info" value="mixed mode"/>
    <property name="java.version" value="1.8.0_144"/>
    <property name="java.ext.dirs" value="C:\Program Files\Java\jre1.8.0_144\lib\ext;C:\Windows\Sun\Java\lib\ext"/>
    <property name="sun.boot.class.path" value="C:\Program Files\Java\jre1.8.0_144\lib\resources.jar;C:\Program Files\Java\jre1.8.0_144\lib\rt.jar;C:\Program Files\Java\jre1.8.0_144\lib\sunrsasign.jar;C:\Program Files\Java\jre1.8.0_144\lib\jsse.jar;C:\Program Files\Java\jre1.8.0_144\lib\jce.jar;C:\Program Files\Java\jre1.8.0_144\lib\charsets.jar;C:\Program Files\Java\jre1.8.0_144\lib\jfr.jar;C:\Program Files\Java\jre1.8.0_144\classes"/>
    <property name="java.vendor" value="Oracle Corporation"/>
    <property name="maven.home" value="C:\Users\ICHIRO\Desktop\expo\SpringMVCTesting\EMBEDDED"/>
    <property name="file.separator" value="\"/>
    <property name="java.vendor.url.bug" value="http://bugreport.sun.com/bugreport/"/>
    <property name="sun.cpu.endian" value="little"/>
    <property name="sun.io.unicode.encoding" value="UnicodeLittle"/>
    <property name="sun.desktop" value="windows"/>
    <property name="sun.cpu.isalist" value="amd64"/>
  </properties>
  <testcase classname="com.tecsup.SpringMVC.dao.EmployeeDAOTest" name="testFindEmployeeBylastname" time="0.028">
    <error message="Unresolved compilation problem: 
	The method findEmployeesByLastName(String) is undefined for the type EmployeeDAO
" type="java.lang.Error">java.lang.Error: Unresolved compilation problem: 
	The method findEmployeesByLastName(String) is undefined for the type EmployeeDAO

	at com.tecsup.SpringMVC.dao.EmployeeDAOTest.testFindEmployeeBylastname(EmployeeDAOTest.java:76)
	at sun.reflect.NativeMethodAccessorImpl.invoke0(Native Method)
	at sun.reflect.NativeMethodAccessorImpl.invoke(Unknown Source)
	at sun.reflect.DelegatingMethodAccessorImpl.invoke(Unknown Source)
	at java.lang.reflect.Method.invoke(Unknown Source)
	at org.junit.runners.model.FrameworkMethod$1.runReflectiveCall(FrameworkMethod.java:50)
	at org.junit.internal.runners.model.ReflectiveCallable.run(ReflectiveCallable.java:12)
	at org.junit.runners.model.FrameworkMethod.invokeExplosively(FrameworkMethod.java:47)
	at org.junit.internal.runners.statements.InvokeMethod.evaluate(InvokeMethod.java:17)
	at org.springframework.test.context.junit4.statements.RunBeforeTestExecutionCallbacks.evaluate(RunBeforeTestExecutionCallbacks.java:73)
	at org.springframework.test.context.junit4.statements.RunAfterTestExecutionCallbacks.evaluate(RunAfterTestExecutionCallbacks.java:83)
	at org.junit.internal.runners.statements.RunBefores.evaluate(RunBefores.java:26)
	at org.springframework.test.context.junit4.statements.RunBeforeTestMethodCallbacks.evaluate(RunBeforeTestMethodCallbacks.java:75)
	at org.junit.internal.runners.statements.RunAfters.evaluate(RunAfters.java:27)
	at org.springframework.test.context.junit4.statements.RunAfterTestMethodCallbacks.evaluate(RunAfterTestMethodCallbacks.java:86)
	at org.springframework.test.context.junit4.statements.SpringRepeat.evaluate(SpringRepeat.java:84)
	at org.junit.runners.ParentRunner.runLeaf(ParentRunner.java:325)
	at org.springframework.test.context.junit4.SpringJUnit4ClassRunner.runChild(SpringJUnit4ClassRunner.java:251)
	at org.springframework.test.context.junit4.SpringJUnit4ClassRunner.runChild(SpringJUnit4ClassRunner.java:97)
	at org.junit.runners.ParentRunner$3.run(ParentRunner.java:290)
	at org.junit.runners.ParentRunner$1.schedule(ParentRunner.java:71)
	at org.junit.runners.ParentRunner.runChildren(ParentRunner.java:288)
	at org.junit.runners.ParentRunner.access$000(ParentRunner.java:58)
	at org.junit.runners.ParentRunner$2.evaluate(ParentRunner.java:268)
	at org.junit.internal.runners.statements.RunBefores.evaluate(RunBefores.java:26)
	at org.springframework.test.context.junit4.statements.RunBeforeTestClassCallbacks.evaluate(RunBeforeTestClassCallbacks.java:61)
	at org.junit.internal.runners.statements.RunAfters.evaluate(RunAfters.java:27)
	at org.springframework.test.context.junit4.statements.RunAfterTestClassCallbacks.evaluate(RunAfterTestClassCallbacks.java:70)
	at org.junit.runners.ParentRunner.run(ParentRunner.java:363)
	at org.springframework.test.context.junit4.SpringJUnit4ClassRunner.run(SpringJUnit4ClassRunner.java:190)
	at org.apache.maven.surefire.junit4.JUnit4Provider.execute(JUnit4Provider.java:252)
	at org.apache.maven.surefire.junit4.JUnit4Provider.executeTestSet(JUnit4Provider.java:141)
	at org.apache.maven.surefire.junit4.JUnit4Provider.invoke(JUnit4Provider.java:112)
	at sun.reflect.NativeMethodAccessorImpl.invoke0(Native Method)
	at sun.reflect.NativeMethodAccessorImpl.invoke(Unknown Source)
	at sun.reflect.DelegatingMethodAccessorImpl.invoke(Unknown Source)
	at java.lang.reflect.Method.invoke(Unknown Source)
	at org.apache.maven.surefire.util.ReflectionUtils.invokeMethodWithArray(ReflectionUtils.java:189)
	at org.apache.maven.surefire.booter.ProviderFactory$ProviderProxy.invoke(ProviderFactory.java:165)
	at org.apache.maven.surefire.booter.ProviderFactory.invokeProvider(ProviderFactory.java:85)
	at org.apache.maven.surefire.booter.ForkedBooter.runSuitesInProcess(ForkedBooter.java:115)
	at org.apache.maven.surefire.booter.ForkedBooter.main(ForkedBooter.java:75)
</error>
    <system-out>INFO :  org.springframework.test.context.web.WebTestContextBootstrapper [getDefaultTestExecutionListenerClassNames()] - Loaded default TestExecutionListener class names from location [META-INF/spring.factories]: [org.springframework.test.context.web.ServletTestExecutionListener, org.springframework.test.context.support.DirtiesContextBeforeModesTestExecutionListener, org.springframework.test.context.support.DependencyInjectionTestExecutionListener, org.springframework.test.context.support.DirtiesContextTestExecutionListener, org.springframework.test.context.transaction.TransactionalTestExecutionListener, org.springframework.test.context.jdbc.SqlScriptsTestExecutionListener]
INFO :  org.springframework.test.context.web.WebTestContextBootstrapper [getTestExecutionListeners()] - Using TestExecutionListeners: [org.springframework.test.context.web.ServletTestExecutionListener@6c49835d, org.springframework.test.context.support.DirtiesContextBeforeModesTestExecutionListener@5e853265, org.springframework.test.context.support.DependencyInjectionTestExecutionListener@67205a84, org.springframework.test.context.support.DirtiesContextTestExecutionListener@7d0587f1, org.springframework.test.context.transaction.TransactionalTestExecutionListener@5d76b067, org.springframework.test.context.jdbc.SqlScriptsTestExecutionListener@2a17b7b6]
INFO :  com.tecsup.SpringMVC.dao.EmployeeDAOTest [beforeClass()] - Antes de todos los metodos
INFO :  org.springframework.beans.factory.xml.XmlBeanDefinitionReader [loadBeanDefinitions()] - Loading XML bean definitions from URL [file:src/main/webapp/WEB-INF/spring/appServlet/servlet-context.xml]
INFO :  org.springframework.web.context.support.GenericWebApplicationContext [prepareRefresh()] - Refreshing org.springframework.web.context.support.GenericWebApplicationContext@3234e239: startup date [Wed Nov 08 16:33:53 COT 2017]; root of context hierarchy
INFO :  org.springframework.beans.factory.annotation.AutowiredAnnotationBeanPostProcessor [&lt;init&gt;()] - JSR-330 &apos;javax.inject.Inject&apos; annotation found and supported for autowiring
INFO :  org.springframework.web.servlet.mvc.method.annotation.RequestMappingHandlerMapping [register()] - Mapped &quot;{[/admin/dpto/{action}/{department_id}],methods=[GET]}&quot; onto public org.springframework.web.servlet.ModelAndView com.tecsup.SpringMVC.controller.DepartmentController.form(java.lang.String,int,org.springframework.ui.ModelMap)
INFO :  org.springframework.web.servlet.mvc.method.annotation.RequestMappingHandlerMapping [register()] - Mapped &quot;{[/admin/dpto/delete],methods=[POST]}&quot; onto public org.springframework.web.servlet.ModelAndView com.tecsup.SpringMVC.controller.DepartmentController.delete(com.tecsup.SpringMVC.model.Department,org.springframework.ui.ModelMap)
INFO :  org.springframework.web.servlet.mvc.method.annotation.RequestMappingHandlerMapping [register()] - Mapped &quot;{[/admin/dpto/list],methods=[GET]}&quot; onto public java.lang.String com.tecsup.SpringMVC.controller.DepartmentController.list(com.tecsup.SpringMVC.model.Department,org.springframework.ui.ModelMap)
INFO :  org.springframework.web.servlet.mvc.method.annotation.RequestMappingHandlerMapping [register()] - Mapped &quot;{[/admin/dpto/create],methods=[POST]}&quot; onto public org.springframework.web.servlet.ModelAndView com.tecsup.SpringMVC.controller.DepartmentController.createdpto(com.tecsup.SpringMVC.model.Department,org.springframework.ui.ModelMap)
INFO :  org.springframework.web.servlet.mvc.method.annotation.RequestMappingHandlerMapping [register()] - Mapped &quot;{[/admin/dpto/createform],methods=[GET]}&quot; onto public org.springframework.web.servlet.ModelAndView com.tecsup.SpringMVC.controller.DepartmentController.createform()
INFO :  org.springframework.web.servlet.mvc.method.annotation.RequestMappingHandlerMapping [register()] - Mapped &quot;{[/admin/dpto/editsave],methods=[POST]}&quot; onto public org.springframework.web.servlet.ModelAndView com.tecsup.SpringMVC.controller.DepartmentController.editsave(com.tecsup.SpringMVC.model.Department,org.springframework.ui.ModelMap)
INFO :  org.springframework.web.servlet.mvc.method.annotation.RequestMappingHandlerMapping [register()] - Mapped &quot;{[/admin/emp/{action}/{employee_id}],methods=[GET]}&quot; onto public org.springframework.web.servlet.ModelAndView com.tecsup.SpringMVC.controller.EmployeeController.form(java.lang.String,int,org.springframework.ui.ModelMap)
INFO :  org.springframework.web.servlet.mvc.method.annotation.RequestMappingHandlerMapping [register()] - Mapped &quot;{[/admin/emp/delete],methods=[POST]}&quot; onto public org.springframework.web.servlet.ModelAndView com.tecsup.SpringMVC.controller.EmployeeController.delete(com.tecsup.SpringMVC.model.Employee,org.springframework.ui.ModelMap)
INFO :  org.springframework.web.servlet.mvc.method.annotation.RequestMappingHandlerMapping [register()] - Mapped &quot;{[/admin/emp/create],methods=[POST]}&quot; onto public org.springframework.web.servlet.ModelAndView com.tecsup.SpringMVC.controller.EmployeeController.create(com.tecsup.SpringMVC.model.Employee,org.springframework.ui.ModelMap)
INFO :  org.springframework.web.servlet.mvc.method.annotation.RequestMappingHandlerMapping [register()] - Mapped &quot;{[/admin/emp/list],methods=[GET]}&quot; onto public java.lang.String com.tecsup.SpringMVC.controller.EmployeeController.list(com.tecsup.SpringMVC.model.Employee,org.springframework.ui.ModelMap)
INFO :  org.springframework.web.servlet.mvc.method.annotation.RequestMappingHandlerMapping [register()] - Mapped &quot;{[/admin/emp/createform],methods=[GET]}&quot; onto public org.springframework.web.servlet.ModelAndView com.tecsup.SpringMVC.controller.EmployeeController.createform()
INFO :  org.springframework.web.servlet.mvc.method.annotation.RequestMappingHandlerMapping [register()] - Mapped &quot;{[/{employee_id}],methods=[GET]}&quot; onto public org.springframework.web.servlet.ModelAndView com.tecsup.SpringMVC.controller.EmployeeController.home(int,org.springframework.ui.ModelMap)
INFO :  org.springframework.web.servlet.mvc.method.annotation.RequestMappingHandlerMapping [register()] - Mapped &quot;{[/admin/menu],methods=[GET]}&quot; onto public java.lang.String com.tecsup.SpringMVC.controller.EmployeeController.menu()
INFO :  org.springframework.web.servlet.mvc.method.annotation.RequestMappingHandlerMapping [register()] - Mapped &quot;{[/admin/emp/editsave],methods=[POST]}&quot; onto public org.springframework.web.servlet.ModelAndView com.tecsup.SpringMVC.controller.EmployeeController.editsave(com.tecsup.SpringMVC.model.Employee,org.springframework.ui.ModelMap)
INFO :  org.springframework.web.servlet.mvc.method.annotation.RequestMappingHandlerMapping [register()] - Mapped &quot;{[/login],methods=[POST]}&quot; onto public org.springframework.web.servlet.ModelAndView com.tecsup.SpringMVC.controller.LoginController.login(com.tecsup.SpringMVC.model.Employee,org.springframework.ui.ModelMap)
INFO :  org.springframework.web.servlet.mvc.method.annotation.RequestMappingHandlerMapping [register()] - Mapped &quot;{[/login],methods=[GET]}&quot; onto public org.springframework.web.servlet.ModelAndView com.tecsup.SpringMVC.controller.LoginController.preLogin()
INFO :  org.springframework.web.servlet.mvc.method.annotation.RequestMappingHandlerMapping [register()] - Mapped &quot;{[/],methods=[GET]}&quot; onto public java.lang.String com.tecsup.SpringMVC.HomeController.home(java.util.Locale,org.springframework.ui.Model)
INFO :  org.springframework.web.servlet.mvc.method.annotation.RequestMappingHandlerAdapter [initControllerAdviceCache()] - Looking for @ControllerAdvice: org.springframework.web.context.support.GenericWebApplicationContext@3234e239: startup date [Wed Nov 08 16:33:53 COT 2017]; root of context hierarchy
INFO :  org.springframework.web.servlet.mvc.method.annotation.RequestMappingHandlerAdapter [initControllerAdviceCache()] - Looking for @ControllerAdvice: org.springframework.web.context.support.GenericWebApplicationContext@3234e239: startup date [Wed Nov 08 16:33:53 COT 2017]; root of context hierarchy
INFO :  org.springframework.web.servlet.handler.SimpleUrlHandlerMapping [registerHandler()] - Mapped URL path [/resources/**] onto handler &apos;org.springframework.web.servlet.resource.ResourceHttpRequestHandler#0&apos;
INFO :  org.springframework.jdbc.datasource.DriverManagerDataSource [setDriverClassName()] - Loaded JDBC driver: com.mysql.jdbc.Driver
INFO :  com.tecsup.SpringMVC.dao.EmployeeDAOTest [before()] - Antes de cada metodo
INFO :  com.tecsup.SpringMVC.dao.EmployeeDAOTest [after()] - Despues de cada metodo
</system-out>
  </testcase>
</testsuite>